2024-02-28 00:00:06 [INFO ] --- [SpringApplicationShutdownHook] o.s.o.j.LocalContainerEntityManagerFactoryBean.destroy - Closing JPA EntityManagerFactory for persistence unit 'default'
2024-02-28 00:00:06 [INFO ] --- [SpringApplicationShutdownHook] com.zaxxer.hikari.HikariDataSource.close - HikariPool-2 - Shutdown initiated...
2024-02-28 00:00:06 [INFO ] --- [SpringApplicationShutdownHook] com.zaxxer.hikari.HikariDataSource.close - HikariPool-2 - Shutdown completed.
2024-02-28 10:03:02 [INFO ] --- [restartedMain] c.f.C.CreditCardProjectApplication.logStarting - Starting CreditCardProjectApplication using Java 17.0.9 with PID 16043 (/Users/sheikhumarbanafe/eclipse-workspace/creditcardproject/target/classes started by sheikhumarbanafe in /Users/sheikhumarbanafe/eclipse-workspace/creditcardproject)
2024-02-28 10:03:02 [INFO ] --- [restartedMain] c.f.C.CreditCardProjectApplication.logStartupProfileInfo - No active profile set, falling back to 1 default profile: "default"
2024-02-28 10:03:02 [INFO ] --- [restartedMain] o.s.b.d.e.DevToolsPropertyDefaultsPostProcessor.logTo - Devtools property defaults active! Set 'spring.devtools.add-properties' to 'false' to disable
2024-02-28 10:03:02 [INFO ] --- [restartedMain] o.s.b.d.e.DevToolsPropertyDefaultsPostProcessor.logTo - For additional web related logging consider setting the 'logging.level.web' property to 'DEBUG'
2024-02-28 10:03:03 [INFO ] --- [restartedMain] o.s.d.r.c.RepositoryConfigurationDelegate.registerRepositoriesIn - Bootstrapping Spring Data JPA repositories in DEFAULT mode.
2024-02-28 10:03:03 [INFO ] --- [restartedMain] o.s.d.r.c.RepositoryConfigurationDelegate.registerRepositoriesIn - Finished Spring Data repository scanning in 15 ms. Found 0 JPA repository interfaces.
2024-02-28 10:03:04 [INFO ] --- [restartedMain] o.s.b.w.e.tomcat.TomcatWebServer.initialize - Tomcat initialized with port 9001 (http)
2024-02-28 10:03:04 [INFO ] --- [restartedMain] o.a.catalina.core.StandardService.log - Starting service [Tomcat]
2024-02-28 10:03:04 [INFO ] --- [restartedMain] o.a.catalina.core.StandardEngine.log - Starting Servlet engine: [Apache Tomcat/10.1.19]
2024-02-28 10:03:04 [INFO ] --- [restartedMain] o.a.c.c.C.[Tomcat].[localhost].[/].log - Initializing Spring embedded WebApplicationContext
2024-02-28 10:03:04 [INFO ] --- [restartedMain] o.s.b.w.s.c.ServletWebServerApplicationContext.prepareWebApplicationContext - Root WebApplicationContext: initialization completed in 1582 ms
2024-02-28 10:03:04 [INFO ] --- [restartedMain] o.h.jpa.internal.util.LogHelper.logPersistenceUnitInformation - HHH000204: Processing PersistenceUnitInfo [name: default]
2024-02-28 10:03:04 [INFO ] --- [restartedMain] org.hibernate.Version.logVersion - HHH000412: Hibernate ORM core version 6.4.4.Final
2024-02-28 10:03:04 [INFO ] --- [restartedMain] o.h.c.i.RegionFactoryInitiator.initiateService - HHH000026: Second-level cache disabled
2024-02-28 10:03:05 [INFO ] --- [restartedMain] o.s.o.j.p.SpringPersistenceUnitInfo.addTransformer - No LoadTimeWeaver setup: ignoring JPA class transformer
2024-02-28 10:03:05 [INFO ] --- [restartedMain] com.zaxxer.hikari.HikariDataSource.getConnection - HikariPool-1 - Starting...
2024-02-28 10:03:05 [INFO ] --- [restartedMain] com.zaxxer.hikari.pool.HikariPool.checkFailFast - HikariPool-1 - Added connection com.mysql.cj.jdbc.ConnectionImpl@10e41619
2024-02-28 10:03:05 [INFO ] --- [restartedMain] com.zaxxer.hikari.HikariDataSource.getConnection - HikariPool-1 - Start completed.
2024-02-28 10:03:05 [WARN ] --- [restartedMain] org.hibernate.orm.deprecation.constructDialect - HHH90000025: MySQLDialect does not need to be specified explicitly using 'hibernate.dialect' (remove the property setting and it will be selected by default)
2024-02-28 10:03:06 [INFO ] --- [restartedMain] o.h.e.t.j.p.i.JtaPlatformInitiator.initiateService - HHH000489: No JTA platform available (set 'hibernate.transaction.jta.platform' to enable JTA platform integration)
2024-02-28 10:03:06 [INFO ] --- [restartedMain] o.s.o.j.LocalContainerEntityManagerFactoryBean.buildNativeEntityManagerFactory - Initialized JPA EntityManagerFactory for persistence unit 'default'
2024-02-28 10:03:06 [WARN ] --- [restartedMain] o.s.b.a.o.j.JpaBaseConfiguration$JpaWebConfiguration.openEntityManagerInViewInterceptor - spring.jpa.open-in-view is enabled by default. Therefore, database queries may be performed during view rendering. Explicitly configure spring.jpa.open-in-view to disable this warning
2024-02-28 10:03:06 [INFO ] --- [restartedMain] o.s.b.d.a.OptionalLiveReloadServer.startServer - LiveReload server is running on port 35729
2024-02-28 10:03:06 [INFO ] --- [restartedMain] o.s.b.w.e.tomcat.TomcatWebServer.start - Tomcat started on port 9001 (http) with context path ''
2024-02-28 10:03:06 [INFO ] --- [restartedMain] c.f.C.CreditCardProjectApplication.logStarted - Started CreditCardProjectApplication in 4.402 seconds (process running for 5.14)
2024-02-28 10:03:14 [INFO ] --- [http-nio-9001-exec-1] o.a.c.c.C.[Tomcat].[localhost].[/].log - Initializing Spring DispatcherServlet 'dispatcherServlet'
2024-02-28 10:03:14 [INFO ] --- [http-nio-9001-exec-1] o.s.web.servlet.DispatcherServlet.initServletBean - Initializing Servlet 'dispatcherServlet'
2024-02-28 10:03:14 [INFO ] --- [http-nio-9001-exec-1] o.s.web.servlet.DispatcherServlet.initServletBean - Completed initialization in 2 ms
2024-02-28 10:03:14 [WARN ] --- [http-nio-9001-exec-1] o.t.s.p.AbstractStandardFragmentInsertionTagProcessor.computeFragment - [THYMELEAF][http-nio-9001-exec-1][dashboard] Deprecated unwrapped fragment expression "navbar :: head" found in template dashboard, line 5, col 8. Please use the complete syntax of fragment expressions instead ("~{navbar :: head}"). The old, unwrapped syntax for fragment expressions will be removed in future versions of Thymeleaf.
2024-02-28 10:03:14 [WARN ] --- [http-nio-9001-exec-1] o.t.s.p.AbstractStandardFragmentInsertionTagProcessor.computeFragment - [THYMELEAF][http-nio-9001-exec-1][dashboard] Deprecated unwrapped fragment expression "navbar :: body" found in template dashboard, line 16, col 8. Please use the complete syntax of fragment expressions instead ("~{navbar :: body}"). The old, unwrapped syntax for fragment expressions will be removed in future versions of Thymeleaf.
2024-02-28 10:03:18 [WARN ] --- [http-nio-9001-exec-6] o.t.s.p.AbstractStandardFragmentInsertionTagProcessor.computeFragment - [THYMELEAF][http-nio-9001-exec-6][deposit] Deprecated unwrapped fragment expression "navbar :: head" found in template deposit, line 7, col 11. Please use the complete syntax of fragment expressions instead ("~{navbar :: head}"). The old, unwrapped syntax for fragment expressions will be removed in future versions of Thymeleaf.
2024-02-28 10:03:18 [WARN ] --- [http-nio-9001-exec-6] o.t.s.p.AbstractStandardFragmentInsertionTagProcessor.computeFragment - [THYMELEAF][http-nio-9001-exec-6][deposit] Deprecated unwrapped fragment expression "navbar :: body" found in template deposit, line 31, col 8. Please use the complete syntax of fragment expressions instead ("~{navbar :: body}"). The old, unwrapped syntax for fragment expressions will be removed in future versions of Thymeleaf.
2024-02-28 10:21:51 [INFO ] --- [File Watcher] o.s.b.d.a.LocalDevToolsAutoConfiguration$RestartingClassPathChangeChangedEventListener.onApplicationEvent - Restarting due to 4 class path changes (0 additions, 0 deletions, 4 modifications)
2024-02-28 10:21:51 [INFO ] --- [Thread-5] o.s.o.j.LocalContainerEntityManagerFactoryBean.destroy - Closing JPA EntityManagerFactory for persistence unit 'default'
2024-02-28 10:21:51 [INFO ] --- [Thread-5] com.zaxxer.hikari.HikariDataSource.close - HikariPool-1 - Shutdown initiated...
2024-02-28 10:21:51 [INFO ] --- [Thread-5] com.zaxxer.hikari.HikariDataSource.close - HikariPool-1 - Shutdown completed.
2024-02-28 10:21:51 [INFO ] --- [restartedMain] c.f.C.CreditCardProjectApplication.logStarting - Starting CreditCardProjectApplication using Java 17.0.9 with PID 16043 (/Users/sheikhumarbanafe/eclipse-workspace/creditcardproject/target/classes started by sheikhumarbanafe in /Users/sheikhumarbanafe/eclipse-workspace/creditcardproject)
2024-02-28 10:21:51 [INFO ] --- [restartedMain] c.f.C.CreditCardProjectApplication.logStartupProfileInfo - No active profile set, falling back to 1 default profile: "default"
2024-02-28 10:21:52 [INFO ] --- [restartedMain] o.s.d.r.c.RepositoryConfigurationDelegate.registerRepositoriesIn - Bootstrapping Spring Data JPA repositories in DEFAULT mode.
2024-02-28 10:21:52 [INFO ] --- [restartedMain] o.s.d.r.c.RepositoryConfigurationDelegate.registerRepositoriesIn - Finished Spring Data repository scanning in 2 ms. Found 0 JPA repository interfaces.
2024-02-28 10:21:52 [INFO ] --- [restartedMain] o.s.b.w.e.tomcat.TomcatWebServer.initialize - Tomcat initialized with port 9001 (http)
2024-02-28 10:21:52 [INFO ] --- [restartedMain] o.a.catalina.core.StandardService.log - Starting service [Tomcat]
2024-02-28 10:21:52 [INFO ] --- [restartedMain] o.a.catalina.core.StandardEngine.log - Starting Servlet engine: [Apache Tomcat/10.1.19]
2024-02-28 10:21:52 [INFO ] --- [restartedMain] o.a.c.c.C.[Tomcat].[localhost].[/].log - Initializing Spring embedded WebApplicationContext
2024-02-28 10:21:52 [INFO ] --- [restartedMain] o.s.b.w.s.c.ServletWebServerApplicationContext.prepareWebApplicationContext - Root WebApplicationContext: initialization completed in 344 ms
2024-02-28 10:21:52 [INFO ] --- [restartedMain] o.h.jpa.internal.util.LogHelper.logPersistenceUnitInformation - HHH000204: Processing PersistenceUnitInfo [name: default]
2024-02-28 10:21:52 [INFO ] --- [restartedMain] o.h.c.i.RegionFactoryInitiator.initiateService - HHH000026: Second-level cache disabled
2024-02-28 10:21:52 [INFO ] --- [restartedMain] o.s.o.j.p.SpringPersistenceUnitInfo.addTransformer - No LoadTimeWeaver setup: ignoring JPA class transformer
2024-02-28 10:21:52 [INFO ] --- [restartedMain] com.zaxxer.hikari.HikariDataSource.getConnection - HikariPool-2 - Starting...
2024-02-28 10:21:52 [INFO ] --- [restartedMain] com.zaxxer.hikari.pool.HikariPool.checkFailFast - HikariPool-2 - Added connection com.mysql.cj.jdbc.ConnectionImpl@42aa11a8
2024-02-28 10:21:52 [INFO ] --- [restartedMain] com.zaxxer.hikari.HikariDataSource.getConnection - HikariPool-2 - Start completed.
2024-02-28 10:21:52 [WARN ] --- [restartedMain] org.hibernate.orm.deprecation.constructDialect - HHH90000025: MySQLDialect does not need to be specified explicitly using 'hibernate.dialect' (remove the property setting and it will be selected by default)
2024-02-28 10:21:52 [INFO ] --- [restartedMain] o.h.e.t.j.p.i.JtaPlatformInitiator.initiateService - HHH000489: No JTA platform available (set 'hibernate.transaction.jta.platform' to enable JTA platform integration)
2024-02-28 10:21:52 [INFO ] --- [restartedMain] o.s.o.j.LocalContainerEntityManagerFactoryBean.buildNativeEntityManagerFactory - Initialized JPA EntityManagerFactory for persistence unit 'default'
2024-02-28 10:21:52 [WARN ] --- [restartedMain] o.s.b.a.o.j.JpaBaseConfiguration$JpaWebConfiguration.openEntityManagerInViewInterceptor - spring.jpa.open-in-view is enabled by default. Therefore, database queries may be performed during view rendering. Explicitly configure spring.jpa.open-in-view to disable this warning
2024-02-28 10:21:52 [INFO ] --- [restartedMain] o.s.b.d.a.OptionalLiveReloadServer.startServer - LiveReload server is running on port 35729
2024-02-28 10:21:52 [INFO ] --- [restartedMain] o.s.b.w.e.tomcat.TomcatWebServer.start - Tomcat started on port 9001 (http) with context path ''
2024-02-28 10:21:52 [INFO ] --- [restartedMain] c.f.C.CreditCardProjectApplication.logStarted - Started CreditCardProjectApplication in 0.631 seconds (process running for 1130.947)
2024-02-28 10:21:52 [INFO ] --- [restartedMain] o.s.b.d.a.ConditionEvaluationDeltaLoggingListener.onApplicationEvent - Condition evaluation unchanged
2024-02-28 10:21:58 [INFO ] --- [http-nio-9001-exec-1] o.a.c.c.C.[Tomcat].[localhost].[/].log - Initializing Spring DispatcherServlet 'dispatcherServlet'
2024-02-28 10:21:58 [INFO ] --- [http-nio-9001-exec-1] o.s.web.servlet.DispatcherServlet.initServletBean - Initializing Servlet 'dispatcherServlet'
2024-02-28 10:21:58 [INFO ] --- [http-nio-9001-exec-1] o.s.web.servlet.DispatcherServlet.initServletBean - Completed initialization in 1 ms
2024-02-28 10:22:02 [WARN ] --- [http-nio-9001-exec-3] o.t.s.p.AbstractStandardFragmentInsertionTagProcessor.computeFragment - [THYMELEAF][http-nio-9001-exec-3][deposit] Deprecated unwrapped fragment expression "navbar :: head" found in template deposit, line 7, col 11. Please use the complete syntax of fragment expressions instead ("~{navbar :: head}"). The old, unwrapped syntax for fragment expressions will be removed in future versions of Thymeleaf.
2024-02-28 10:22:02 [WARN ] --- [http-nio-9001-exec-3] o.t.s.p.AbstractStandardFragmentInsertionTagProcessor.computeFragment - [THYMELEAF][http-nio-9001-exec-3][deposit] Deprecated unwrapped fragment expression "navbar :: body" found in template deposit, line 31, col 8. Please use the complete syntax of fragment expressions instead ("~{navbar :: body}"). The old, unwrapped syntax for fragment expressions will be removed in future versions of Thymeleaf.
2024-02-28 10:26:51 [INFO ] --- [File Watcher] o.s.b.d.a.LocalDevToolsAutoConfiguration$RestartingClassPathChangeChangedEventListener.onApplicationEvent - Restarting due to 1 class path change (0 additions, 0 deletions, 1 modification)
2024-02-28 10:26:51 [INFO ] --- [Thread-7] o.s.o.j.LocalContainerEntityManagerFactoryBean.destroy - Closing JPA EntityManagerFactory for persistence unit 'default'
2024-02-28 10:26:51 [INFO ] --- [Thread-7] com.zaxxer.hikari.HikariDataSource.close - HikariPool-2 - Shutdown initiated...
2024-02-28 10:26:51 [INFO ] --- [Thread-7] com.zaxxer.hikari.HikariDataSource.close - HikariPool-2 - Shutdown completed.
2024-02-28 10:26:51 [INFO ] --- [restartedMain] c.f.C.CreditCardProjectApplication.logStarting - Starting CreditCardProjectApplication using Java 17.0.9 with PID 16043 (/Users/sheikhumarbanafe/eclipse-workspace/creditcardproject/target/classes started by sheikhumarbanafe in /Users/sheikhumarbanafe/eclipse-workspace/creditcardproject)
2024-02-28 10:26:51 [INFO ] --- [restartedMain] c.f.C.CreditCardProjectApplication.logStartupProfileInfo - No active profile set, falling back to 1 default profile: "default"
2024-02-28 10:26:52 [INFO ] --- [restartedMain] o.s.d.r.c.RepositoryConfigurationDelegate.registerRepositoriesIn - Bootstrapping Spring Data JPA repositories in DEFAULT mode.
2024-02-28 10:26:52 [INFO ] --- [restartedMain] o.s.d.r.c.RepositoryConfigurationDelegate.registerRepositoriesIn - Finished Spring Data repository scanning in 2 ms. Found 0 JPA repository interfaces.
2024-02-28 10:26:52 [INFO ] --- [restartedMain] o.s.b.w.e.tomcat.TomcatWebServer.initialize - Tomcat initialized with port 9001 (http)
2024-02-28 10:26:52 [INFO ] --- [restartedMain] o.a.catalina.core.StandardService.log - Starting service [Tomcat]
2024-02-28 10:26:52 [INFO ] --- [restartedMain] o.a.catalina.core.StandardEngine.log - Starting Servlet engine: [Apache Tomcat/10.1.19]
2024-02-28 10:26:52 [INFO ] --- [restartedMain] o.a.c.c.C.[Tomcat].[localhost].[/].log - Initializing Spring embedded WebApplicationContext
2024-02-28 10:26:52 [INFO ] --- [restartedMain] o.s.b.w.s.c.ServletWebServerApplicationContext.prepareWebApplicationContext - Root WebApplicationContext: initialization completed in 246 ms
2024-02-28 10:26:52 [INFO ] --- [restartedMain] o.h.jpa.internal.util.LogHelper.logPersistenceUnitInformation - HHH000204: Processing PersistenceUnitInfo [name: default]
2024-02-28 10:26:52 [INFO ] --- [restartedMain] o.h.c.i.RegionFactoryInitiator.initiateService - HHH000026: Second-level cache disabled
2024-02-28 10:26:52 [INFO ] --- [restartedMain] o.s.o.j.p.SpringPersistenceUnitInfo.addTransformer - No LoadTimeWeaver setup: ignoring JPA class transformer
2024-02-28 10:26:52 [INFO ] --- [restartedMain] com.zaxxer.hikari.HikariDataSource.getConnection - HikariPool-3 - Starting...
2024-02-28 10:26:52 [INFO ] --- [restartedMain] com.zaxxer.hikari.pool.HikariPool.checkFailFast - HikariPool-3 - Added connection com.mysql.cj.jdbc.ConnectionImpl@61b318cd
2024-02-28 10:26:52 [INFO ] --- [restartedMain] com.zaxxer.hikari.HikariDataSource.getConnection - HikariPool-3 - Start completed.
2024-02-28 10:26:52 [WARN ] --- [restartedMain] org.hibernate.orm.deprecation.constructDialect - HHH90000025: MySQLDialect does not need to be specified explicitly using 'hibernate.dialect' (remove the property setting and it will be selected by default)
2024-02-28 10:26:52 [INFO ] --- [restartedMain] o.h.e.t.j.p.i.JtaPlatformInitiator.initiateService - HHH000489: No JTA platform available (set 'hibernate.transaction.jta.platform' to enable JTA platform integration)
2024-02-28 10:26:52 [INFO ] --- [restartedMain] o.s.o.j.LocalContainerEntityManagerFactoryBean.buildNativeEntityManagerFactory - Initialized JPA EntityManagerFactory for persistence unit 'default'
2024-02-28 10:26:52 [WARN ] --- [restartedMain] o.s.b.a.o.j.JpaBaseConfiguration$JpaWebConfiguration.openEntityManagerInViewInterceptor - spring.jpa.open-in-view is enabled by default. Therefore, database queries may be performed during view rendering. Explicitly configure spring.jpa.open-in-view to disable this warning
2024-02-28 10:26:52 [INFO ] --- [restartedMain] o.s.b.d.a.OptionalLiveReloadServer.startServer - LiveReload server is running on port 35729
2024-02-28 10:26:52 [INFO ] --- [restartedMain] o.s.b.w.e.tomcat.TomcatWebServer.start - Tomcat started on port 9001 (http) with context path ''
2024-02-28 10:26:52 [INFO ] --- [restartedMain] c.f.C.CreditCardProjectApplication.logStarted - Started CreditCardProjectApplication in 0.459 seconds (process running for 1430.789)
2024-02-28 10:26:52 [INFO ] --- [restartedMain] o.s.b.d.a.ConditionEvaluationDeltaLoggingListener.onApplicationEvent - Condition evaluation unchanged
2024-02-28 10:28:10 [INFO ] --- [http-nio-9001-exec-1] o.a.c.c.C.[Tomcat].[localhost].[/].log - Initializing Spring DispatcherServlet 'dispatcherServlet'
2024-02-28 10:28:10 [INFO ] --- [http-nio-9001-exec-1] o.s.web.servlet.DispatcherServlet.initServletBean - Initializing Servlet 'dispatcherServlet'
2024-02-28 10:28:10 [INFO ] --- [http-nio-9001-exec-1] o.s.web.servlet.DispatcherServlet.initServletBean - Completed initialization in 1 ms
2024-02-28 10:28:10 [WARN ] --- [http-nio-9001-exec-1] o.t.s.p.AbstractStandardFragmentInsertionTagProcessor.computeFragment - [THYMELEAF][http-nio-9001-exec-1][deposit] Deprecated unwrapped fragment expression "navbar :: head" found in template deposit, line 7, col 11. Please use the complete syntax of fragment expressions instead ("~{navbar :: head}"). The old, unwrapped syntax for fragment expressions will be removed in future versions of Thymeleaf.
2024-02-28 10:28:10 [WARN ] --- [http-nio-9001-exec-1] o.t.s.p.AbstractStandardFragmentInsertionTagProcessor.computeFragment - [THYMELEAF][http-nio-9001-exec-1][deposit] Deprecated unwrapped fragment expression "navbar :: body" found in template deposit, line 31, col 8. Please use the complete syntax of fragment expressions instead ("~{navbar :: body}"). The old, unwrapped syntax for fragment expressions will be removed in future versions of Thymeleaf.
2024-02-28 10:28:44 [WARN ] --- [http-nio-9001-exec-5] o.t.s.p.AbstractStandardFragmentInsertionTagProcessor.computeFragment - [THYMELEAF][http-nio-9001-exec-5][deposit] Deprecated unwrapped fragment expression "navbar :: head" found in template deposit, line 7, col 11. Please use the complete syntax of fragment expressions instead ("~{navbar :: head}"). The old, unwrapped syntax for fragment expressions will be removed in future versions of Thymeleaf.
2024-02-28 10:28:44 [WARN ] --- [http-nio-9001-exec-5] o.t.s.p.AbstractStandardFragmentInsertionTagProcessor.computeFragment - [THYMELEAF][http-nio-9001-exec-5][deposit] Deprecated unwrapped fragment expression "navbar :: body" found in template deposit, line 31, col 8. Please use the complete syntax of fragment expressions instead ("~{navbar :: body}"). The old, unwrapped syntax for fragment expressions will be removed in future versions of Thymeleaf.
2024-02-28 10:29:56 [WARN ] --- [http-nio-9001-exec-1] o.t.s.p.AbstractStandardFragmentInsertionTagProcessor.computeFragment - [THYMELEAF][http-nio-9001-exec-1][deposit] Deprecated unwrapped fragment expression "navbar :: head" found in template deposit, line 7, col 11. Please use the complete syntax of fragment expressions instead ("~{navbar :: head}"). The old, unwrapped syntax for fragment expressions will be removed in future versions of Thymeleaf.
2024-02-28 10:29:56 [WARN ] --- [http-nio-9001-exec-1] o.t.s.p.AbstractStandardFragmentInsertionTagProcessor.computeFragment - [THYMELEAF][http-nio-9001-exec-1][deposit] Deprecated unwrapped fragment expression "navbar :: body" found in template deposit, line 31, col 8. Please use the complete syntax of fragment expressions instead ("~{navbar :: body}"). The old, unwrapped syntax for fragment expressions will be removed in future versions of Thymeleaf.
2024-02-28 10:30:25 [WARN ] --- [http-nio-9001-exec-5] o.t.s.p.AbstractStandardFragmentInsertionTagProcessor.computeFragment - [THYMELEAF][http-nio-9001-exec-5][deposit] Deprecated unwrapped fragment expression "navbar :: head" found in template deposit, line 7, col 11. Please use the complete syntax of fragment expressions instead ("~{navbar :: head}"). The old, unwrapped syntax for fragment expressions will be removed in future versions of Thymeleaf.
2024-02-28 10:30:25 [WARN ] --- [http-nio-9001-exec-5] o.t.s.p.AbstractStandardFragmentInsertionTagProcessor.computeFragment - [THYMELEAF][http-nio-9001-exec-5][deposit] Deprecated unwrapped fragment expression "navbar :: body" found in template deposit, line 31, col 8. Please use the complete syntax of fragment expressions instead ("~{navbar :: body}"). The old, unwrapped syntax for fragment expressions will be removed in future versions of Thymeleaf.
2024-02-28 10:31:05 [WARN ] --- [http-nio-9001-exec-9] o.t.s.p.AbstractStandardFragmentInsertionTagProcessor.computeFragment - [THYMELEAF][http-nio-9001-exec-9][deposit] Deprecated unwrapped fragment expression "navbar :: head" found in template deposit, line 7, col 11. Please use the complete syntax of fragment expressions instead ("~{navbar :: head}"). The old, unwrapped syntax for fragment expressions will be removed in future versions of Thymeleaf.
2024-02-28 10:31:05 [WARN ] --- [http-nio-9001-exec-9] o.t.s.p.AbstractStandardFragmentInsertionTagProcessor.computeFragment - [THYMELEAF][http-nio-9001-exec-9][deposit] Deprecated unwrapped fragment expression "navbar :: body" found in template deposit, line 31, col 8. Please use the complete syntax of fragment expressions instead ("~{navbar :: body}"). The old, unwrapped syntax for fragment expressions will be removed in future versions of Thymeleaf.
2024-02-28 10:31:47 [WARN ] --- [http-nio-9001-exec-3] o.t.s.p.AbstractStandardFragmentInsertionTagProcessor.computeFragment - [THYMELEAF][http-nio-9001-exec-3][deposit] Deprecated unwrapped fragment expression "navbar :: head" found in template deposit, line 7, col 11. Please use the complete syntax of fragment expressions instead ("~{navbar :: head}"). The old, unwrapped syntax for fragment expressions will be removed in future versions of Thymeleaf.
2024-02-28 10:31:47 [WARN ] --- [http-nio-9001-exec-3] o.t.s.p.AbstractStandardFragmentInsertionTagProcessor.computeFragment - [THYMELEAF][http-nio-9001-exec-3][deposit] Deprecated unwrapped fragment expression "navbar :: body" found in template deposit, line 31, col 8. Please use the complete syntax of fragment expressions instead ("~{navbar :: body}"). The old, unwrapped syntax for fragment expressions will be removed in future versions of Thymeleaf.
2024-02-28 10:32:03 [WARN ] --- [http-nio-9001-exec-6] o.t.s.p.AbstractStandardFragmentInsertionTagProcessor.computeFragment - [THYMELEAF][http-nio-9001-exec-6][deposit] Deprecated unwrapped fragment expression "navbar :: head" found in template deposit, line 7, col 11. Please use the complete syntax of fragment expressions instead ("~{navbar :: head}"). The old, unwrapped syntax for fragment expressions will be removed in future versions of Thymeleaf.
2024-02-28 10:32:03 [WARN ] --- [http-nio-9001-exec-6] o.t.s.p.AbstractStandardFragmentInsertionTagProcessor.computeFragment - [THYMELEAF][http-nio-9001-exec-6][deposit] Deprecated unwrapped fragment expression "navbar :: body" found in template deposit, line 31, col 8. Please use the complete syntax of fragment expressions instead ("~{navbar :: body}"). The old, unwrapped syntax for fragment expressions will be removed in future versions of Thymeleaf.
2024-02-28 10:32:08 [WARN ] --- [http-nio-9001-exec-10] o.t.s.p.AbstractStandardFragmentInsertionTagProcessor.computeFragment - [THYMELEAF][http-nio-9001-exec-10][deposit] Deprecated unwrapped fragment expression "navbar :: head" found in template deposit, line 7, col 11. Please use the complete syntax of fragment expressions instead ("~{navbar :: head}"). The old, unwrapped syntax for fragment expressions will be removed in future versions of Thymeleaf.
2024-02-28 10:32:08 [WARN ] --- [http-nio-9001-exec-10] o.t.s.p.AbstractStandardFragmentInsertionTagProcessor.computeFragment - [THYMELEAF][http-nio-9001-exec-10][deposit] Deprecated unwrapped fragment expression "navbar :: body" found in template deposit, line 31, col 8. Please use the complete syntax of fragment expressions instead ("~{navbar :: body}"). The old, unwrapped syntax for fragment expressions will be removed in future versions of Thymeleaf.
2024-02-28 10:32:09 [WARN ] --- [http-nio-9001-exec-5] o.t.s.p.AbstractStandardFragmentInsertionTagProcessor.computeFragment - [THYMELEAF][http-nio-9001-exec-5][deposit] Deprecated unwrapped fragment expression "navbar :: head" found in template deposit, line 7, col 11. Please use the complete syntax of fragment expressions instead ("~{navbar :: head}"). The old, unwrapped syntax for fragment expressions will be removed in future versions of Thymeleaf.
2024-02-28 10:32:09 [WARN ] --- [http-nio-9001-exec-5] o.t.s.p.AbstractStandardFragmentInsertionTagProcessor.computeFragment - [THYMELEAF][http-nio-9001-exec-5][deposit] Deprecated unwrapped fragment expression "navbar :: body" found in template deposit, line 31, col 8. Please use the complete syntax of fragment expressions instead ("~{navbar :: body}"). The old, unwrapped syntax for fragment expressions will be removed in future versions of Thymeleaf.
2024-02-28 10:32:13 [WARN ] --- [http-nio-9001-exec-8] o.t.s.p.AbstractStandardFragmentInsertionTagProcessor.computeFragment - [THYMELEAF][http-nio-9001-exec-8][deposit] Deprecated unwrapped fragment expression "navbar :: head" found in template deposit, line 7, col 11. Please use the complete syntax of fragment expressions instead ("~{navbar :: head}"). The old, unwrapped syntax for fragment expressions will be removed in future versions of Thymeleaf.
2024-02-28 10:32:13 [WARN ] --- [http-nio-9001-exec-8] o.t.s.p.AbstractStandardFragmentInsertionTagProcessor.computeFragment - [THYMELEAF][http-nio-9001-exec-8][deposit] Deprecated unwrapped fragment expression "navbar :: body" found in template deposit, line 31, col 8. Please use the complete syntax of fragment expressions instead ("~{navbar :: body}"). The old, unwrapped syntax for fragment expressions will be removed in future versions of Thymeleaf.
2024-02-28 10:33:37 [WARN ] --- [http-nio-9001-exec-5] o.t.s.p.AbstractStandardFragmentInsertionTagProcessor.computeFragment - [THYMELEAF][http-nio-9001-exec-5][deposit] Deprecated unwrapped fragment expression "navbar :: head" found in template deposit, line 7, col 11. Please use the complete syntax of fragment expressions instead ("~{navbar :: head}"). The old, unwrapped syntax for fragment expressions will be removed in future versions of Thymeleaf.
2024-02-28 10:33:37 [WARN ] --- [http-nio-9001-exec-5] o.t.s.p.AbstractStandardFragmentInsertionTagProcessor.computeFragment - [THYMELEAF][http-nio-9001-exec-5][deposit] Deprecated unwrapped fragment expression "navbar :: body" found in template deposit, line 31, col 8. Please use the complete syntax of fragment expressions instead ("~{navbar :: body}"). The old, unwrapped syntax for fragment expressions will be removed in future versions of Thymeleaf.
2024-02-28 10:35:07 [WARN ] --- [http-nio-9001-exec-10] o.t.s.p.AbstractStandardFragmentInsertionTagProcessor.computeFragment - [THYMELEAF][http-nio-9001-exec-10][deposit] Deprecated unwrapped fragment expression "navbar :: head" found in template deposit, line 7, col 11. Please use the complete syntax of fragment expressions instead ("~{navbar :: head}"). The old, unwrapped syntax for fragment expressions will be removed in future versions of Thymeleaf.
2024-02-28 10:35:07 [WARN ] --- [http-nio-9001-exec-10] o.t.s.p.AbstractStandardFragmentInsertionTagProcessor.computeFragment - [THYMELEAF][http-nio-9001-exec-10][deposit] Deprecated unwrapped fragment expression "navbar :: body" found in template deposit, line 31, col 8. Please use the complete syntax of fragment expressions instead ("~{navbar :: body}"). The old, unwrapped syntax for fragment expressions will be removed in future versions of Thymeleaf.
2024-02-28 10:35:22 [WARN ] --- [http-nio-9001-exec-5] o.t.s.p.AbstractStandardFragmentInsertionTagProcessor.computeFragment - [THYMELEAF][http-nio-9001-exec-5][deposit] Deprecated unwrapped fragment expression "navbar :: head" found in template deposit, line 7, col 11. Please use the complete syntax of fragment expressions instead ("~{navbar :: head}"). The old, unwrapped syntax for fragment expressions will be removed in future versions of Thymeleaf.
2024-02-28 10:35:22 [WARN ] --- [http-nio-9001-exec-5] o.t.s.p.AbstractStandardFragmentInsertionTagProcessor.computeFragment - [THYMELEAF][http-nio-9001-exec-5][deposit] Deprecated unwrapped fragment expression "navbar :: body" found in template deposit, line 31, col 8. Please use the complete syntax of fragment expressions instead ("~{navbar :: body}"). The old, unwrapped syntax for fragment expressions will be removed in future versions of Thymeleaf.
2024-02-28 10:35:35 [WARN ] --- [http-nio-9001-exec-8] o.t.s.p.AbstractStandardFragmentInsertionTagProcessor.computeFragment - [THYMELEAF][http-nio-9001-exec-8][deposit] Deprecated unwrapped fragment expression "navbar :: head" found in template deposit, line 7, col 11. Please use the complete syntax of fragment expressions instead ("~{navbar :: head}"). The old, unwrapped syntax for fragment expressions will be removed in future versions of Thymeleaf.
2024-02-28 10:35:35 [WARN ] --- [http-nio-9001-exec-8] o.t.s.p.AbstractStandardFragmentInsertionTagProcessor.computeFragment - [THYMELEAF][http-nio-9001-exec-8][deposit] Deprecated unwrapped fragment expression "navbar :: body" found in template deposit, line 31, col 8. Please use the complete syntax of fragment expressions instead ("~{navbar :: body}"). The old, unwrapped syntax for fragment expressions will be removed in future versions of Thymeleaf.
2024-02-28 10:36:01 [WARN ] --- [http-nio-9001-exec-4] o.t.s.p.AbstractStandardFragmentInsertionTagProcessor.computeFragment - [THYMELEAF][http-nio-9001-exec-4][deposit] Deprecated unwrapped fragment expression "navbar :: head" found in template deposit, line 7, col 11. Please use the complete syntax of fragment expressions instead ("~{navbar :: head}"). The old, unwrapped syntax for fragment expressions will be removed in future versions of Thymeleaf.
2024-02-28 10:36:01 [WARN ] --- [http-nio-9001-exec-4] o.t.s.p.AbstractStandardFragmentInsertionTagProcessor.computeFragment - [THYMELEAF][http-nio-9001-exec-4][deposit] Deprecated unwrapped fragment expression "navbar :: body" found in template deposit, line 31, col 8. Please use the complete syntax of fragment expressions instead ("~{navbar :: body}"). The old, unwrapped syntax for fragment expressions will be removed in future versions of Thymeleaf.
2024-02-28 10:36:17 [WARN ] --- [http-nio-9001-exec-6] o.t.s.p.AbstractStandardFragmentInsertionTagProcessor.computeFragment - [THYMELEAF][http-nio-9001-exec-6][deposit] Deprecated unwrapped fragment expression "navbar :: head" found in template deposit, line 7, col 11. Please use the complete syntax of fragment expressions instead ("~{navbar :: head}"). The old, unwrapped syntax for fragment expressions will be removed in future versions of Thymeleaf.
2024-02-28 10:36:17 [WARN ] --- [http-nio-9001-exec-6] o.t.s.p.AbstractStandardFragmentInsertionTagProcessor.computeFragment - [THYMELEAF][http-nio-9001-exec-6][deposit] Deprecated unwrapped fragment expression "navbar :: body" found in template deposit, line 31, col 8. Please use the complete syntax of fragment expressions instead ("~{navbar :: body}"). The old, unwrapped syntax for fragment expressions will be removed in future versions of Thymeleaf.
2024-02-28 10:37:37 [WARN ] --- [http-nio-9001-exec-4] o.t.s.p.AbstractStandardFragmentInsertionTagProcessor.computeFragment - [THYMELEAF][http-nio-9001-exec-4][deposit] Deprecated unwrapped fragment expression "navbar :: head" found in template deposit, line 7, col 11. Please use the complete syntax of fragment expressions instead ("~{navbar :: head}"). The old, unwrapped syntax for fragment expressions will be removed in future versions of Thymeleaf.
2024-02-28 10:37:37 [WARN ] --- [http-nio-9001-exec-4] o.t.s.p.AbstractStandardFragmentInsertionTagProcessor.computeFragment - [THYMELEAF][http-nio-9001-exec-4][deposit] Deprecated unwrapped fragment expression "navbar :: body" found in template deposit, line 31, col 8. Please use the complete syntax of fragment expressions instead ("~{navbar :: body}"). The old, unwrapped syntax for fragment expressions will be removed in future versions of Thymeleaf.
2024-02-28 10:43:12 [INFO ] --- [File Watcher] o.s.b.d.a.LocalDevToolsAutoConfiguration$RestartingClassPathChangeChangedEventListener.onApplicationEvent - Restarting due to 3 class path changes (2 additions, 0 deletions, 1 modification)
2024-02-28 10:43:12 [INFO ] --- [Thread-11] o.s.o.j.LocalContainerEntityManagerFactoryBean.destroy - Closing JPA EntityManagerFactory for persistence unit 'default'
2024-02-28 10:43:12 [INFO ] --- [Thread-11] com.zaxxer.hikari.HikariDataSource.close - HikariPool-3 - Shutdown initiated...
2024-02-28 10:43:12 [INFO ] --- [Thread-11] com.zaxxer.hikari.HikariDataSource.close - HikariPool-3 - Shutdown completed.
2024-02-28 10:43:12 [INFO ] --- [restartedMain] c.f.C.CreditCardProjectApplication.logStarting - Starting CreditCardProjectApplication using Java 17.0.9 with PID 16043 (/Users/sheikhumarbanafe/eclipse-workspace/creditcardproject/target/classes started by sheikhumarbanafe in /Users/sheikhumarbanafe/eclipse-workspace/creditcardproject)
2024-02-28 10:43:12 [INFO ] --- [restartedMain] c.f.C.CreditCardProjectApplication.logStartupProfileInfo - No active profile set, falling back to 1 default profile: "default"
2024-02-28 10:43:12 [INFO ] --- [restartedMain] o.s.d.r.c.RepositoryConfigurationDelegate.registerRepositoriesIn - Bootstrapping Spring Data JPA repositories in DEFAULT mode.
2024-02-28 10:43:12 [INFO ] --- [restartedMain] o.s.d.r.c.RepositoryConfigurationDelegate.registerRepositoriesIn - Finished Spring Data repository scanning in 1 ms. Found 0 JPA repository interfaces.
2024-02-28 10:43:12 [INFO ] --- [restartedMain] o.s.b.w.e.tomcat.TomcatWebServer.initialize - Tomcat initialized with port 9001 (http)
2024-02-28 10:43:12 [INFO ] --- [restartedMain] o.a.catalina.core.StandardService.log - Starting service [Tomcat]
2024-02-28 10:43:12 [INFO ] --- [restartedMain] o.a.catalina.core.StandardEngine.log - Starting Servlet engine: [Apache Tomcat/10.1.19]
2024-02-28 10:43:12 [INFO ] --- [restartedMain] o.a.c.c.C.[Tomcat].[localhost].[/].log - Initializing Spring embedded WebApplicationContext
2024-02-28 10:43:12 [INFO ] --- [restartedMain] o.s.b.w.s.c.ServletWebServerApplicationContext.prepareWebApplicationContext - Root WebApplicationContext: initialization completed in 280 ms
2024-02-28 10:43:12 [INFO ] --- [restartedMain] o.h.jpa.internal.util.LogHelper.logPersistenceUnitInformation - HHH000204: Processing PersistenceUnitInfo [name: default]
2024-02-28 10:43:12 [INFO ] --- [restartedMain] o.h.c.i.RegionFactoryInitiator.initiateService - HHH000026: Second-level cache disabled
2024-02-28 10:43:12 [INFO ] --- [restartedMain] o.s.o.j.p.SpringPersistenceUnitInfo.addTransformer - No LoadTimeWeaver setup: ignoring JPA class transformer
2024-02-28 10:43:12 [INFO ] --- [restartedMain] com.zaxxer.hikari.HikariDataSource.getConnection - HikariPool-4 - Starting...
2024-02-28 10:43:12 [INFO ] --- [restartedMain] com.zaxxer.hikari.pool.HikariPool.checkFailFast - HikariPool-4 - Added connection com.mysql.cj.jdbc.ConnectionImpl@22959bdc
2024-02-28 10:43:12 [INFO ] --- [restartedMain] com.zaxxer.hikari.HikariDataSource.getConnection - HikariPool-4 - Start completed.
2024-02-28 10:43:12 [WARN ] --- [restartedMain] org.hibernate.orm.deprecation.constructDialect - HHH90000025: MySQLDialect does not need to be specified explicitly using 'hibernate.dialect' (remove the property setting and it will be selected by default)
2024-02-28 10:43:12 [INFO ] --- [restartedMain] o.h.e.t.j.p.i.JtaPlatformInitiator.initiateService - HHH000489: No JTA platform available (set 'hibernate.transaction.jta.platform' to enable JTA platform integration)
2024-02-28 10:43:12 [INFO ] --- [restartedMain] o.s.o.j.LocalContainerEntityManagerFactoryBean.buildNativeEntityManagerFactory - Initialized JPA EntityManagerFactory for persistence unit 'default'
2024-02-28 10:43:12 [WARN ] --- [restartedMain] o.s.b.a.o.j.JpaBaseConfiguration$JpaWebConfiguration.openEntityManagerInViewInterceptor - spring.jpa.open-in-view is enabled by default. Therefore, database queries may be performed during view rendering. Explicitly configure spring.jpa.open-in-view to disable this warning
2024-02-28 10:43:13 [INFO ] --- [restartedMain] o.s.b.d.a.OptionalLiveReloadServer.startServer - LiveReload server is running on port 35729
2024-02-28 10:43:13 [INFO ] --- [restartedMain] o.s.b.w.e.tomcat.TomcatWebServer.start - Tomcat started on port 9001 (http) with context path ''
2024-02-28 10:43:13 [INFO ] --- [restartedMain] c.f.C.CreditCardProjectApplication.logStarted - Started CreditCardProjectApplication in 0.482 seconds (process running for 2411.552)
2024-02-28 10:43:13 [INFO ] --- [restartedMain] o.s.b.d.a.ConditionEvaluationDeltaLoggingListener.onApplicationEvent - Condition evaluation unchanged
2024-02-28 10:43:31 [INFO ] --- [http-nio-9001-exec-1] o.a.c.c.C.[Tomcat].[localhost].[/].log - Initializing Spring DispatcherServlet 'dispatcherServlet'
2024-02-28 10:43:31 [INFO ] --- [http-nio-9001-exec-1] o.s.web.servlet.DispatcherServlet.initServletBean - Initializing Servlet 'dispatcherServlet'
2024-02-28 10:43:31 [INFO ] --- [http-nio-9001-exec-1] o.s.web.servlet.DispatcherServlet.initServletBean - Completed initialization in 0 ms
2024-02-28 10:43:31 [WARN ] --- [http-nio-9001-exec-1] o.t.s.p.AbstractStandardFragmentInsertionTagProcessor.computeFragment - [THYMELEAF][http-nio-9001-exec-1][deposit] Deprecated unwrapped fragment expression "navbar :: head" found in template deposit, line 7, col 11. Please use the complete syntax of fragment expressions instead ("~{navbar :: head}"). The old, unwrapped syntax for fragment expressions will be removed in future versions of Thymeleaf.
2024-02-28 10:43:31 [WARN ] --- [http-nio-9001-exec-1] o.t.s.p.AbstractStandardFragmentInsertionTagProcessor.computeFragment - [THYMELEAF][http-nio-9001-exec-1][deposit] Deprecated unwrapped fragment expression "navbar :: body" found in template deposit, line 31, col 8. Please use the complete syntax of fragment expressions instead ("~{navbar :: body}"). The old, unwrapped syntax for fragment expressions will be removed in future versions of Thymeleaf.
2024-02-28 10:44:04 [WARN ] --- [http-nio-9001-exec-5] o.t.s.p.AbstractStandardFragmentInsertionTagProcessor.computeFragment - [THYMELEAF][http-nio-9001-exec-5][deposit] Deprecated unwrapped fragment expression "navbar :: head" found in template deposit, line 7, col 11. Please use the complete syntax of fragment expressions instead ("~{navbar :: head}"). The old, unwrapped syntax for fragment expressions will be removed in future versions of Thymeleaf.
2024-02-28 10:44:04 [WARN ] --- [http-nio-9001-exec-5] o.t.s.p.AbstractStandardFragmentInsertionTagProcessor.computeFragment - [THYMELEAF][http-nio-9001-exec-5][deposit] Deprecated unwrapped fragment expression "navbar :: body" found in template deposit, line 31, col 8. Please use the complete syntax of fragment expressions instead ("~{navbar :: body}"). The old, unwrapped syntax for fragment expressions will be removed in future versions of Thymeleaf.
2024-02-28 10:45:35 [WARN ] --- [http-nio-9001-exec-1] o.t.s.p.AbstractStandardFragmentInsertionTagProcessor.computeFragment - [THYMELEAF][http-nio-9001-exec-1][deposit] Deprecated unwrapped fragment expression "navbar :: head" found in template deposit, line 7, col 11. Please use the complete syntax of fragment expressions instead ("~{navbar :: head}"). The old, unwrapped syntax for fragment expressions will be removed in future versions of Thymeleaf.
2024-02-28 10:45:35 [WARN ] --- [http-nio-9001-exec-1] o.t.s.p.AbstractStandardFragmentInsertionTagProcessor.computeFragment - [THYMELEAF][http-nio-9001-exec-1][deposit] Deprecated unwrapped fragment expression "navbar :: body" found in template deposit, line 31, col 8. Please use the complete syntax of fragment expressions instead ("~{navbar :: body}"). The old, unwrapped syntax for fragment expressions will be removed in future versions of Thymeleaf.
2024-02-28 10:50:27 [WARN ] --- [http-nio-9001-exec-7] o.t.s.p.AbstractStandardFragmentInsertionTagProcessor.computeFragment - [THYMELEAF][http-nio-9001-exec-7][deposit] Deprecated unwrapped fragment expression "navbar :: head" found in template deposit, line 7, col 11. Please use the complete syntax of fragment expressions instead ("~{navbar :: head}"). The old, unwrapped syntax for fragment expressions will be removed in future versions of Thymeleaf.
2024-02-28 10:50:27 [WARN ] --- [http-nio-9001-exec-7] o.t.s.p.AbstractStandardFragmentInsertionTagProcessor.computeFragment - [THYMELEAF][http-nio-9001-exec-7][deposit] Deprecated unwrapped fragment expression "navbar :: body" found in template deposit, line 31, col 8. Please use the complete syntax of fragment expressions instead ("~{navbar :: body}"). The old, unwrapped syntax for fragment expressions will be removed in future versions of Thymeleaf.
2024-02-28 10:50:29 [WARN ] --- [http-nio-9001-exec-1] o.t.s.p.AbstractStandardFragmentInsertionTagProcessor.computeFragment - [THYMELEAF][http-nio-9001-exec-1][deposit] Deprecated unwrapped fragment expression "navbar :: head" found in template deposit, line 7, col 11. Please use the complete syntax of fragment expressions instead ("~{navbar :: head}"). The old, unwrapped syntax for fragment expressions will be removed in future versions of Thymeleaf.
2024-02-28 10:50:29 [WARN ] --- [http-nio-9001-exec-1] o.t.s.p.AbstractStandardFragmentInsertionTagProcessor.computeFragment - [THYMELEAF][http-nio-9001-exec-1][deposit] Deprecated unwrapped fragment expression "navbar :: body" found in template deposit, line 31, col 8. Please use the complete syntax of fragment expressions instead ("~{navbar :: body}"). The old, unwrapped syntax for fragment expressions will be removed in future versions of Thymeleaf.
2024-02-28 10:50:53 [WARN ] --- [http-nio-9001-exec-5] o.t.s.p.AbstractStandardFragmentInsertionTagProcessor.computeFragment - [THYMELEAF][http-nio-9001-exec-5][deposit] Deprecated unwrapped fragment expression "navbar :: head" found in template deposit, line 7, col 11. Please use the complete syntax of fragment expressions instead ("~{navbar :: head}"). The old, unwrapped syntax for fragment expressions will be removed in future versions of Thymeleaf.
2024-02-28 10:50:53 [WARN ] --- [http-nio-9001-exec-5] o.t.s.p.AbstractStandardFragmentInsertionTagProcessor.computeFragment - [THYMELEAF][http-nio-9001-exec-5][deposit] Deprecated unwrapped fragment expression "navbar :: body" found in template deposit, line 31, col 8. Please use the complete syntax of fragment expressions instead ("~{navbar :: body}"). The old, unwrapped syntax for fragment expressions will be removed in future versions of Thymeleaf.
2024-02-28 10:51:41 [WARN ] --- [http-nio-9001-exec-9] o.t.s.p.AbstractStandardFragmentInsertionTagProcessor.computeFragment - [THYMELEAF][http-nio-9001-exec-9][deposit] Deprecated unwrapped fragment expression "navbar :: head" found in template deposit, line 7, col 11. Please use the complete syntax of fragment expressions instead ("~{navbar :: head}"). The old, unwrapped syntax for fragment expressions will be removed in future versions of Thymeleaf.
2024-02-28 10:51:41 [WARN ] --- [http-nio-9001-exec-9] o.t.s.p.AbstractStandardFragmentInsertionTagProcessor.computeFragment - [THYMELEAF][http-nio-9001-exec-9][deposit] Deprecated unwrapped fragment expression "navbar :: body" found in template deposit, line 31, col 8. Please use the complete syntax of fragment expressions instead ("~{navbar :: body}"). The old, unwrapped syntax for fragment expressions will be removed in future versions of Thymeleaf.
2024-02-28 10:52:22 [WARN ] --- [http-nio-9001-exec-3] o.t.s.p.AbstractStandardFragmentInsertionTagProcessor.computeFragment - [THYMELEAF][http-nio-9001-exec-3][deposit] Deprecated unwrapped fragment expression "navbar :: head" found in template deposit, line 7, col 11. Please use the complete syntax of fragment expressions instead ("~{navbar :: head}"). The old, unwrapped syntax for fragment expressions will be removed in future versions of Thymeleaf.
2024-02-28 10:52:22 [WARN ] --- [http-nio-9001-exec-3] o.t.s.p.AbstractStandardFragmentInsertionTagProcessor.computeFragment - [THYMELEAF][http-nio-9001-exec-3][deposit] Deprecated unwrapped fragment expression "navbar :: body" found in template deposit, line 31, col 8. Please use the complete syntax of fragment expressions instead ("~{navbar :: body}"). The old, unwrapped syntax for fragment expressions will be removed in future versions of Thymeleaf.
2024-02-28 10:53:36 [WARN ] --- [http-nio-9001-exec-9] o.t.s.p.AbstractStandardFragmentInsertionTagProcessor.computeFragment - [THYMELEAF][http-nio-9001-exec-9][deposit] Deprecated unwrapped fragment expression "navbar :: head" found in template deposit, line 7, col 11. Please use the complete syntax of fragment expressions instead ("~{navbar :: head}"). The old, unwrapped syntax for fragment expressions will be removed in future versions of Thymeleaf.
2024-02-28 10:53:36 [WARN ] --- [http-nio-9001-exec-9] o.t.s.p.AbstractStandardFragmentInsertionTagProcessor.computeFragment - [THYMELEAF][http-nio-9001-exec-9][deposit] Deprecated unwrapped fragment expression "navbar :: body" found in template deposit, line 31, col 8. Please use the complete syntax of fragment expressions instead ("~{navbar :: body}"). The old, unwrapped syntax for fragment expressions will be removed in future versions of Thymeleaf.
2024-02-28 10:54:41 [WARN ] --- [http-nio-9001-exec-4] o.t.s.p.AbstractStandardFragmentInsertionTagProcessor.computeFragment - [THYMELEAF][http-nio-9001-exec-4][deposit] Deprecated unwrapped fragment expression "navbar :: head" found in template deposit, line 7, col 11. Please use the complete syntax of fragment expressions instead ("~{navbar :: head}"). The old, unwrapped syntax for fragment expressions will be removed in future versions of Thymeleaf.
2024-02-28 10:54:41 [WARN ] --- [http-nio-9001-exec-4] o.t.s.p.AbstractStandardFragmentInsertionTagProcessor.computeFragment - [THYMELEAF][http-nio-9001-exec-4][deposit] Deprecated unwrapped fragment expression "navbar :: body" found in template deposit, line 31, col 8. Please use the complete syntax of fragment expressions instead ("~{navbar :: body}"). The old, unwrapped syntax for fragment expressions will be removed in future versions of Thymeleaf.
2024-02-28 10:55:13 [WARN ] --- [http-nio-9001-exec-9] o.t.s.p.AbstractStandardFragmentInsertionTagProcessor.computeFragment - [THYMELEAF][http-nio-9001-exec-9][deposit] Deprecated unwrapped fragment expression "navbar :: head" found in template deposit, line 7, col 11. Please use the complete syntax of fragment expressions instead ("~{navbar :: head}"). The old, unwrapped syntax for fragment expressions will be removed in future versions of Thymeleaf.
2024-02-28 10:55:13 [WARN ] --- [http-nio-9001-exec-9] o.t.s.p.AbstractStandardFragmentInsertionTagProcessor.computeFragment - [THYMELEAF][http-nio-9001-exec-9][deposit] Deprecated unwrapped fragment expression "navbar :: body" found in template deposit, line 31, col 8. Please use the complete syntax of fragment expressions instead ("~{navbar :: body}"). The old, unwrapped syntax for fragment expressions will be removed in future versions of Thymeleaf.
2024-02-28 10:56:39 [WARN ] --- [http-nio-9001-exec-4] o.t.s.p.AbstractStandardFragmentInsertionTagProcessor.computeFragment - [THYMELEAF][http-nio-9001-exec-4][deposit] Deprecated unwrapped fragment expression "navbar :: head" found in template deposit, line 7, col 11. Please use the complete syntax of fragment expressions instead ("~{navbar :: head}"). The old, unwrapped syntax for fragment expressions will be removed in future versions of Thymeleaf.
2024-02-28 10:56:39 [WARN ] --- [http-nio-9001-exec-4] o.t.s.p.AbstractStandardFragmentInsertionTagProcessor.computeFragment - [THYMELEAF][http-nio-9001-exec-4][deposit] Deprecated unwrapped fragment expression "navbar :: body" found in template deposit, line 31, col 8. Please use the complete syntax of fragment expressions instead ("~{navbar :: body}"). The old, unwrapped syntax for fragment expressions will be removed in future versions of Thymeleaf.
2024-02-28 10:57:13 [WARN ] --- [http-nio-9001-exec-9] o.t.s.p.AbstractStandardFragmentInsertionTagProcessor.computeFragment - [THYMELEAF][http-nio-9001-exec-9][deposit] Deprecated unwrapped fragment expression "navbar :: head" found in template deposit, line 7, col 11. Please use the complete syntax of fragment expressions instead ("~{navbar :: head}"). The old, unwrapped syntax for fragment expressions will be removed in future versions of Thymeleaf.
2024-02-28 10:57:13 [WARN ] --- [http-nio-9001-exec-9] o.t.s.p.AbstractStandardFragmentInsertionTagProcessor.computeFragment - [THYMELEAF][http-nio-9001-exec-9][deposit] Deprecated unwrapped fragment expression "navbar :: body" found in template deposit, line 31, col 8. Please use the complete syntax of fragment expressions instead ("~{navbar :: body}"). The old, unwrapped syntax for fragment expressions will be removed in future versions of Thymeleaf.
2024-02-28 10:57:21 [WARN ] --- [http-nio-9001-exec-3] o.t.s.p.AbstractStandardFragmentInsertionTagProcessor.computeFragment - [THYMELEAF][http-nio-9001-exec-3][deposit] Deprecated unwrapped fragment expression "navbar :: head" found in template deposit, line 7, col 11. Please use the complete syntax of fragment expressions instead ("~{navbar :: head}"). The old, unwrapped syntax for fragment expressions will be removed in future versions of Thymeleaf.
2024-02-28 10:57:21 [WARN ] --- [http-nio-9001-exec-3] o.t.s.p.AbstractStandardFragmentInsertionTagProcessor.computeFragment - [THYMELEAF][http-nio-9001-exec-3][deposit] Deprecated unwrapped fragment expression "navbar :: body" found in template deposit, line 31, col 8. Please use the complete syntax of fragment expressions instead ("~{navbar :: body}"). The old, unwrapped syntax for fragment expressions will be removed in future versions of Thymeleaf.
2024-02-28 10:57:28 [WARN ] --- [http-nio-9001-exec-7] o.t.s.p.AbstractStandardFragmentInsertionTagProcessor.computeFragment - [THYMELEAF][http-nio-9001-exec-7][deposit] Deprecated unwrapped fragment expression "navbar :: head" found in template deposit, line 7, col 11. Please use the complete syntax of fragment expressions instead ("~{navbar :: head}"). The old, unwrapped syntax for fragment expressions will be removed in future versions of Thymeleaf.
2024-02-28 10:57:28 [WARN ] --- [http-nio-9001-exec-7] o.t.s.p.AbstractStandardFragmentInsertionTagProcessor.computeFragment - [THYMELEAF][http-nio-9001-exec-7][deposit] Deprecated unwrapped fragment expression "navbar :: body" found in template deposit, line 31, col 8. Please use the complete syntax of fragment expressions instead ("~{navbar :: body}"). The old, unwrapped syntax for fragment expressions will be removed in future versions of Thymeleaf.
2024-02-28 10:57:53 [WARN ] --- [http-nio-9001-exec-1] o.t.s.p.AbstractStandardFragmentInsertionTagProcessor.computeFragment - [THYMELEAF][http-nio-9001-exec-1][deposit] Deprecated unwrapped fragment expression "navbar :: head" found in template deposit, line 7, col 11. Please use the complete syntax of fragment expressions instead ("~{navbar :: head}"). The old, unwrapped syntax for fragment expressions will be removed in future versions of Thymeleaf.
2024-02-28 10:57:53 [WARN ] --- [http-nio-9001-exec-1] o.t.s.p.AbstractStandardFragmentInsertionTagProcessor.computeFragment - [THYMELEAF][http-nio-9001-exec-1][deposit] Deprecated unwrapped fragment expression "navbar :: body" found in template deposit, line 31, col 8. Please use the complete syntax of fragment expressions instead ("~{navbar :: body}"). The old, unwrapped syntax for fragment expressions will be removed in future versions of Thymeleaf.
2024-02-28 10:58:17 [WARN ] --- [http-nio-9001-exec-5] o.t.s.p.AbstractStandardFragmentInsertionTagProcessor.computeFragment - [THYMELEAF][http-nio-9001-exec-5][deposit] Deprecated unwrapped fragment expression "navbar :: head" found in template deposit, line 7, col 11. Please use the complete syntax of fragment expressions instead ("~{navbar :: head}"). The old, unwrapped syntax for fragment expressions will be removed in future versions of Thymeleaf.
2024-02-28 10:58:17 [WARN ] --- [http-nio-9001-exec-5] o.t.s.p.AbstractStandardFragmentInsertionTagProcessor.computeFragment - [THYMELEAF][http-nio-9001-exec-5][deposit] Deprecated unwrapped fragment expression "navbar :: body" found in template deposit, line 31, col 8. Please use the complete syntax of fragment expressions instead ("~{navbar :: body}"). The old, unwrapped syntax for fragment expressions will be removed in future versions of Thymeleaf.
2024-02-28 10:58:24 [WARN ] --- [http-nio-9001-exec-9] o.t.s.p.AbstractStandardFragmentInsertionTagProcessor.computeFragment - [THYMELEAF][http-nio-9001-exec-9][deposit] Deprecated unwrapped fragment expression "navbar :: head" found in template deposit, line 7, col 11. Please use the complete syntax of fragment expressions instead ("~{navbar :: head}"). The old, unwrapped syntax for fragment expressions will be removed in future versions of Thymeleaf.
2024-02-28 10:58:24 [WARN ] --- [http-nio-9001-exec-9] o.t.s.p.AbstractStandardFragmentInsertionTagProcessor.computeFragment - [THYMELEAF][http-nio-9001-exec-9][deposit] Deprecated unwrapped fragment expression "navbar :: body" found in template deposit, line 31, col 8. Please use the complete syntax of fragment expressions instead ("~{navbar :: body}"). The old, unwrapped syntax for fragment expressions will be removed in future versions of Thymeleaf.
2024-02-28 10:58:25 [WARN ] --- [http-nio-9001-exec-2] o.t.s.p.AbstractStandardFragmentInsertionTagProcessor.computeFragment - [THYMELEAF][http-nio-9001-exec-2][deposit] Deprecated unwrapped fragment expression "navbar :: head" found in template deposit, line 7, col 11. Please use the complete syntax of fragment expressions instead ("~{navbar :: head}"). The old, unwrapped syntax for fragment expressions will be removed in future versions of Thymeleaf.
2024-02-28 10:58:25 [WARN ] --- [http-nio-9001-exec-2] o.t.s.p.AbstractStandardFragmentInsertionTagProcessor.computeFragment - [THYMELEAF][http-nio-9001-exec-2][deposit] Deprecated unwrapped fragment expression "navbar :: body" found in template deposit, line 31, col 8. Please use the complete syntax of fragment expressions instead ("~{navbar :: body}"). The old, unwrapped syntax for fragment expressions will be removed in future versions of Thymeleaf.
2024-02-28 10:58:36 [WARN ] --- [http-nio-9001-exec-7] o.t.s.p.AbstractStandardFragmentInsertionTagProcessor.computeFragment - [THYMELEAF][http-nio-9001-exec-7][deposit] Deprecated unwrapped fragment expression "navbar :: head" found in template deposit, line 7, col 11. Please use the complete syntax of fragment expressions instead ("~{navbar :: head}"). The old, unwrapped syntax for fragment expressions will be removed in future versions of Thymeleaf.
2024-02-28 10:58:36 [WARN ] --- [http-nio-9001-exec-7] o.t.s.p.AbstractStandardFragmentInsertionTagProcessor.computeFragment - [THYMELEAF][http-nio-9001-exec-7][deposit] Deprecated unwrapped fragment expression "navbar :: body" found in template deposit, line 31, col 8. Please use the complete syntax of fragment expressions instead ("~{navbar :: body}"). The old, unwrapped syntax for fragment expressions will be removed in future versions of Thymeleaf.
2024-02-28 10:58:37 [WARN ] --- [http-nio-9001-exec-1] o.t.s.p.AbstractStandardFragmentInsertionTagProcessor.computeFragment - [THYMELEAF][http-nio-9001-exec-1][deposit] Deprecated unwrapped fragment expression "navbar :: head" found in template deposit, line 7, col 11. Please use the complete syntax of fragment expressions instead ("~{navbar :: head}"). The old, unwrapped syntax for fragment expressions will be removed in future versions of Thymeleaf.
2024-02-28 10:58:37 [WARN ] --- [http-nio-9001-exec-1] o.t.s.p.AbstractStandardFragmentInsertionTagProcessor.computeFragment - [THYMELEAF][http-nio-9001-exec-1][deposit] Deprecated unwrapped fragment expression "navbar :: body" found in template deposit, line 31, col 8. Please use the complete syntax of fragment expressions instead ("~{navbar :: body}"). The old, unwrapped syntax for fragment expressions will be removed in future versions of Thymeleaf.
2024-02-28 10:58:44 [WARN ] --- [http-nio-9001-exec-5] o.t.s.p.AbstractStandardFragmentInsertionTagProcessor.computeFragment - [THYMELEAF][http-nio-9001-exec-5][deposit] Deprecated unwrapped fragment expression "navbar :: head" found in template deposit, line 7, col 11. Please use the complete syntax of fragment expressions instead ("~{navbar :: head}"). The old, unwrapped syntax for fragment expressions will be removed in future versions of Thymeleaf.
2024-02-28 10:58:44 [WARN ] --- [http-nio-9001-exec-5] o.t.s.p.AbstractStandardFragmentInsertionTagProcessor.computeFragment - [THYMELEAF][http-nio-9001-exec-5][deposit] Deprecated unwrapped fragment expression "navbar :: body" found in template deposit, line 31, col 8. Please use the complete syntax of fragment expressions instead ("~{navbar :: body}"). The old, unwrapped syntax for fragment expressions will be removed in future versions of Thymeleaf.
2024-02-28 11:00:20 [WARN ] --- [http-nio-9001-exec-1] o.t.s.p.AbstractStandardFragmentInsertionTagProcessor.computeFragment - [THYMELEAF][http-nio-9001-exec-1][deposit] Deprecated unwrapped fragment expression "navbar :: head" found in template deposit, line 7, col 11. Please use the complete syntax of fragment expressions instead ("~{navbar :: head}"). The old, unwrapped syntax for fragment expressions will be removed in future versions of Thymeleaf.
2024-02-28 11:00:20 [WARN ] --- [http-nio-9001-exec-1] o.t.s.p.AbstractStandardFragmentInsertionTagProcessor.computeFragment - [THYMELEAF][http-nio-9001-exec-1][deposit] Deprecated unwrapped fragment expression "navbar :: body" found in template deposit, line 31, col 8. Please use the complete syntax of fragment expressions instead ("~{navbar :: body}"). The old, unwrapped syntax for fragment expressions will be removed in future versions of Thymeleaf.
2024-02-28 11:00:29 [WARN ] --- [http-nio-9001-exec-5] o.t.s.p.AbstractStandardFragmentInsertionTagProcessor.computeFragment - [THYMELEAF][http-nio-9001-exec-5][deposit] Deprecated unwrapped fragment expression "navbar :: head" found in template deposit, line 7, col 11. Please use the complete syntax of fragment expressions instead ("~{navbar :: head}"). The old, unwrapped syntax for fragment expressions will be removed in future versions of Thymeleaf.
2024-02-28 11:00:29 [WARN ] --- [http-nio-9001-exec-5] o.t.s.p.AbstractStandardFragmentInsertionTagProcessor.computeFragment - [THYMELEAF][http-nio-9001-exec-5][deposit] Deprecated unwrapped fragment expression "navbar :: body" found in template deposit, line 31, col 8. Please use the complete syntax of fragment expressions instead ("~{navbar :: body}"). The old, unwrapped syntax for fragment expressions will be removed in future versions of Thymeleaf.
2024-02-28 11:00:35 [WARN ] --- [http-nio-9001-exec-9] o.t.s.p.AbstractStandardFragmentInsertionTagProcessor.computeFragment - [THYMELEAF][http-nio-9001-exec-9][deposit] Deprecated unwrapped fragment expression "navbar :: head" found in template deposit, line 7, col 11. Please use the complete syntax of fragment expressions instead ("~{navbar :: head}"). The old, unwrapped syntax for fragment expressions will be removed in future versions of Thymeleaf.
2024-02-28 11:00:35 [WARN ] --- [http-nio-9001-exec-9] o.t.s.p.AbstractStandardFragmentInsertionTagProcessor.computeFragment - [THYMELEAF][http-nio-9001-exec-9][deposit] Deprecated unwrapped fragment expression "navbar :: body" found in template deposit, line 31, col 8. Please use the complete syntax of fragment expressions instead ("~{navbar :: body}"). The old, unwrapped syntax for fragment expressions will be removed in future versions of Thymeleaf.
2024-02-28 11:00:43 [WARN ] --- [http-nio-9001-exec-3] o.t.s.p.AbstractStandardFragmentInsertionTagProcessor.computeFragment - [THYMELEAF][http-nio-9001-exec-3][deposit] Deprecated unwrapped fragment expression "navbar :: head" found in template deposit, line 7, col 11. Please use the complete syntax of fragment expressions instead ("~{navbar :: head}"). The old, unwrapped syntax for fragment expressions will be removed in future versions of Thymeleaf.
2024-02-28 11:00:43 [WARN ] --- [http-nio-9001-exec-3] o.t.s.p.AbstractStandardFragmentInsertionTagProcessor.computeFragment - [THYMELEAF][http-nio-9001-exec-3][deposit] Deprecated unwrapped fragment expression "navbar :: body" found in template deposit, line 31, col 8. Please use the complete syntax of fragment expressions instead ("~{navbar :: body}"). The old, unwrapped syntax for fragment expressions will be removed in future versions of Thymeleaf.
2024-02-28 11:00:51 [WARN ] --- [http-nio-9001-exec-7] o.t.s.p.AbstractStandardFragmentInsertionTagProcessor.computeFragment - [THYMELEAF][http-nio-9001-exec-7][deposit] Deprecated unwrapped fragment expression "navbar :: head" found in template deposit, line 7, col 11. Please use the complete syntax of fragment expressions instead ("~{navbar :: head}"). The old, unwrapped syntax for fragment expressions will be removed in future versions of Thymeleaf.
2024-02-28 11:00:51 [WARN ] --- [http-nio-9001-exec-7] o.t.s.p.AbstractStandardFragmentInsertionTagProcessor.computeFragment - [THYMELEAF][http-nio-9001-exec-7][deposit] Deprecated unwrapped fragment expression "navbar :: body" found in template deposit, line 31, col 8. Please use the complete syntax of fragment expressions instead ("~{navbar :: body}"). The old, unwrapped syntax for fragment expressions will be removed in future versions of Thymeleaf.
2024-02-28 11:01:14 [WARN ] --- [http-nio-9001-exec-1] o.t.s.p.AbstractStandardFragmentInsertionTagProcessor.computeFragment - [THYMELEAF][http-nio-9001-exec-1][deposit] Deprecated unwrapped fragment expression "navbar :: head" found in template deposit, line 7, col 11. Please use the complete syntax of fragment expressions instead ("~{navbar :: head}"). The old, unwrapped syntax for fragment expressions will be removed in future versions of Thymeleaf.
2024-02-28 11:01:14 [WARN ] --- [http-nio-9001-exec-1] o.t.s.p.AbstractStandardFragmentInsertionTagProcessor.computeFragment - [THYMELEAF][http-nio-9001-exec-1][deposit] Deprecated unwrapped fragment expression "navbar :: body" found in template deposit, line 31, col 8. Please use the complete syntax of fragment expressions instead ("~{navbar :: body}"). The old, unwrapped syntax for fragment expressions will be removed in future versions of Thymeleaf.
2024-02-28 11:02:04 [WARN ] --- [http-nio-9001-exec-5] o.t.s.p.AbstractStandardFragmentInsertionTagProcessor.computeFragment - [THYMELEAF][http-nio-9001-exec-5][deposit] Deprecated unwrapped fragment expression "navbar :: head" found in template deposit, line 7, col 11. Please use the complete syntax of fragment expressions instead ("~{navbar :: head}"). The old, unwrapped syntax for fragment expressions will be removed in future versions of Thymeleaf.
2024-02-28 11:02:04 [WARN ] --- [http-nio-9001-exec-5] o.t.s.p.AbstractStandardFragmentInsertionTagProcessor.computeFragment - [THYMELEAF][http-nio-9001-exec-5][deposit] Deprecated unwrapped fragment expression "navbar :: body" found in template deposit, line 31, col 8. Please use the complete syntax of fragment expressions instead ("~{navbar :: body}"). The old, unwrapped syntax for fragment expressions will be removed in future versions of Thymeleaf.
2024-02-28 11:02:05 [WARN ] --- [http-nio-9001-exec-8] o.t.s.p.AbstractStandardFragmentInsertionTagProcessor.computeFragment - [THYMELEAF][http-nio-9001-exec-8][deposit] Deprecated unwrapped fragment expression "navbar :: head" found in template deposit, line 7, col 11. Please use the complete syntax of fragment expressions instead ("~{navbar :: head}"). The old, unwrapped syntax for fragment expressions will be removed in future versions of Thymeleaf.
2024-02-28 11:02:05 [WARN ] --- [http-nio-9001-exec-8] o.t.s.p.AbstractStandardFragmentInsertionTagProcessor.computeFragment - [THYMELEAF][http-nio-9001-exec-8][deposit] Deprecated unwrapped fragment expression "navbar :: body" found in template deposit, line 31, col 8. Please use the complete syntax of fragment expressions instead ("~{navbar :: body}"). The old, unwrapped syntax for fragment expressions will be removed in future versions of Thymeleaf.
2024-02-28 11:02:12 [WARN ] --- [http-nio-9001-exec-3] o.t.s.p.AbstractStandardFragmentInsertionTagProcessor.computeFragment - [THYMELEAF][http-nio-9001-exec-3][deposit] Deprecated unwrapped fragment expression "navbar :: head" found in template deposit, line 7, col 11. Please use the complete syntax of fragment expressions instead ("~{navbar :: head}"). The old, unwrapped syntax for fragment expressions will be removed in future versions of Thymeleaf.
2024-02-28 11:02:12 [WARN ] --- [http-nio-9001-exec-3] o.t.s.p.AbstractStandardFragmentInsertionTagProcessor.computeFragment - [THYMELEAF][http-nio-9001-exec-3][deposit] Deprecated unwrapped fragment expression "navbar :: body" found in template deposit, line 31, col 8. Please use the complete syntax of fragment expressions instead ("~{navbar :: body}"). The old, unwrapped syntax for fragment expressions will be removed in future versions of Thymeleaf.
2024-02-28 11:02:21 [WARN ] --- [http-nio-9001-exec-7] o.t.s.p.AbstractStandardFragmentInsertionTagProcessor.computeFragment - [THYMELEAF][http-nio-9001-exec-7][deposit] Deprecated unwrapped fragment expression "navbar :: head" found in template deposit, line 7, col 11. Please use the complete syntax of fragment expressions instead ("~{navbar :: head}"). The old, unwrapped syntax for fragment expressions will be removed in future versions of Thymeleaf.
2024-02-28 11:02:21 [WARN ] --- [http-nio-9001-exec-7] o.t.s.p.AbstractStandardFragmentInsertionTagProcessor.computeFragment - [THYMELEAF][http-nio-9001-exec-7][deposit] Deprecated unwrapped fragment expression "navbar :: body" found in template deposit, line 31, col 8. Please use the complete syntax of fragment expressions instead ("~{navbar :: body}"). The old, unwrapped syntax for fragment expressions will be removed in future versions of Thymeleaf.
2024-02-28 11:03:13 [WARN ] --- [http-nio-9001-exec-1] o.t.s.p.AbstractStandardFragmentInsertionTagProcessor.computeFragment - [THYMELEAF][http-nio-9001-exec-1][deposit] Deprecated unwrapped fragment expression "navbar :: head" found in template deposit, line 7, col 11. Please use the complete syntax of fragment expressions instead ("~{navbar :: head}"). The old, unwrapped syntax for fragment expressions will be removed in future versions of Thymeleaf.
2024-02-28 11:03:13 [WARN ] --- [http-nio-9001-exec-1] o.t.s.p.AbstractStandardFragmentInsertionTagProcessor.computeFragment - [THYMELEAF][http-nio-9001-exec-1][deposit] Deprecated unwrapped fragment expression "navbar :: body" found in template deposit, line 31, col 8. Please use the complete syntax of fragment expressions instead ("~{navbar :: body}"). The old, unwrapped syntax for fragment expressions will be removed in future versions of Thymeleaf.
2024-02-28 11:03:14 [WARN ] --- [http-nio-9001-exec-5] o.t.s.p.AbstractStandardFragmentInsertionTagProcessor.computeFragment - [THYMELEAF][http-nio-9001-exec-5][deposit] Deprecated unwrapped fragment expression "navbar :: head" found in template deposit, line 7, col 11. Please use the complete syntax of fragment expressions instead ("~{navbar :: head}"). The old, unwrapped syntax for fragment expressions will be removed in future versions of Thymeleaf.
2024-02-28 11:03:14 [WARN ] --- [http-nio-9001-exec-5] o.t.s.p.AbstractStandardFragmentInsertionTagProcessor.computeFragment - [THYMELEAF][http-nio-9001-exec-5][deposit] Deprecated unwrapped fragment expression "navbar :: body" found in template deposit, line 31, col 8. Please use the complete syntax of fragment expressions instead ("~{navbar :: body}"). The old, unwrapped syntax for fragment expressions will be removed in future versions of Thymeleaf.
2024-02-28 11:03:15 [WARN ] --- [http-nio-9001-exec-8] o.t.s.p.AbstractStandardFragmentInsertionTagProcessor.computeFragment - [THYMELEAF][http-nio-9001-exec-8][deposit] Deprecated unwrapped fragment expression "navbar :: head" found in template deposit, line 7, col 11. Please use the complete syntax of fragment expressions instead ("~{navbar :: head}"). The old, unwrapped syntax for fragment expressions will be removed in future versions of Thymeleaf.
2024-02-28 11:03:15 [WARN ] --- [http-nio-9001-exec-8] o.t.s.p.AbstractStandardFragmentInsertionTagProcessor.computeFragment - [THYMELEAF][http-nio-9001-exec-8][deposit] Deprecated unwrapped fragment expression "navbar :: body" found in template deposit, line 31, col 8. Please use the complete syntax of fragment expressions instead ("~{navbar :: body}"). The old, unwrapped syntax for fragment expressions will be removed in future versions of Thymeleaf.
2024-02-28 11:05:27 [WARN ] --- [http-nio-9001-exec-5] o.t.s.p.AbstractStandardFragmentInsertionTagProcessor.computeFragment - [THYMELEAF][http-nio-9001-exec-5][deposit] Deprecated unwrapped fragment expression "navbar :: head" found in template deposit, line 7, col 11. Please use the complete syntax of fragment expressions instead ("~{navbar :: head}"). The old, unwrapped syntax for fragment expressions will be removed in future versions of Thymeleaf.
2024-02-28 11:05:27 [WARN ] --- [http-nio-9001-exec-5] o.t.s.p.AbstractStandardFragmentInsertionTagProcessor.computeFragment - [THYMELEAF][http-nio-9001-exec-5][deposit] Deprecated unwrapped fragment expression "navbar :: body" found in template deposit, line 31, col 8. Please use the complete syntax of fragment expressions instead ("~{navbar :: body}"). The old, unwrapped syntax for fragment expressions will be removed in future versions of Thymeleaf.
